seqclean running options: 
seqclean /u/home/galaxy/collaboratory/serghei/code/rop/example/ropOut2/QC/unmappedExample_lowQ.fa -l 50 -M -o /u/home/galaxy/collaboratory/serghei/code/rop/example/ropOut2/QC/unmappedExample_lowQC.fa
 Standard log file: seqcl_unmappedExample_lowQ.fa.log
 Error log file:    err_seqcl_unmappedExample_lowQ.fa.log
 Using 1 CPUs for cleaning
-= Rebuilding unmappedExample_lowQ.fa cdb index =-
318 entries from file /u/home/galaxy/collaboratory/serghei/code/rop/example/ropOut2/QC/unmappedExample_lowQ.fa were indexed in file unmappedExample_lowQ.fa.cidx
 Launching actual cleaning process:
 psx -p 1  -n 1000  -i /u/home/galaxy/collaboratory/serghei/code/rop/example/ropOut2/QC/unmappedExample_lowQ.fa -d cleaning -C '/u/home/galaxy/collaboratory/serghei/code/rop/example/ropOut2/QC/unmappedExample_lowQ.fa:ANLS50:::11:0' -c '/u/home/galaxy/collaboratory/serghei/code/rop/tools/seqclean-x86_64/seqclean.psx'
WAITING for all children to finish before starting last child!
WAITING for all children to finish!
Collecting cleaning reports

**************************************************
Sequences analyzed:       318
-----------------------------------
                   valid:       316  (1 trimmed)
                 trashed:         2
**************************************************
----= Trashing summary =------
              by 'shortq':        1
                by 'dust':        1
------------------------------
Output file containing only valid and trimmed sequences: /u/home/galaxy/collaboratory/serghei/code/rop/example/ropOut2/QC/unmappedExample_lowQC.fa
For trimming and trashing details see cleaning report  : unmappedExample_lowQ.fa.cln
--------------------------------------------------
