seqclean running options: 
seqclean /u/home/s/serghei/code2/rop/example/ropOut/QC/unmappedExample_lowQ.fa -l 50 -M -o /u/home/s/serghei/code2/rop/example/ropOut/QC/unmappedExample_lowQC.fa
 Standard log file: seqcl_unmappedExample_lowQ.fa.log
 Error log file:    err_seqcl_unmappedExample_lowQ.fa.log
 Using 1 CPUs for cleaning
-= Rebuilding unmappedExample_lowQ.fa cdb index =-
 Launching actual cleaning process:
 psx -p 1  -n 1000  -i /u/home/s/serghei/code2/rop/example/ropOut/QC/unmappedExample_lowQ.fa -d cleaning -C '/u/home/s/serghei/code2/rop/example/ropOut/QC/unmappedExample_lowQ.fa:ANLS50:::11:0' -c '/u/home/s/serghei/code2/rop/tools/seqclean-x86_64/seqclean.psx'
Collecting cleaning reports

**************************************************
Sequences analyzed:       317
-----------------------------------
                   valid:       315  (1 trimmed)
                 trashed:         2
**************************************************
----= Trashing summary =------
              by 'shortq':        1
                by 'dust':        1
------------------------------
Output file containing only valid and trimmed sequences: /u/home/s/serghei/code2/rop/example/ropOut/QC/unmappedExample_lowQC.fa
For trimming and trashing details see cleaning report  : unmappedExample_lowQ.fa.cln
--------------------------------------------------
