This file contains any messages produced by compilers while
running configure, to aid debugging if configure makes a mistake.

It was created by Samtools configure 1.3, which was
generated by GNU Autoconf 2.69.  Invocation command line was

  $ ./configure --enable-plugins --enable-libcurl --with-plugin-path=/u/home/s/serghei/code2/rop/tools/samtools-1.3/htslib-1.3

## --------- ##
## Platform. ##
## --------- ##

hostname = login4
uname -m = x86_64
uname -r = 2.6.32-573.18.1.el6.x86_64
uname -s = Linux
uname -v = #1 SMP Tue Feb 9 22:46:17 UTC 2016

/usr/bin/uname -p = unknown
/bin/uname -X     = unknown

/bin/arch              = x86_64
/usr/bin/arch -k       = unknown
/usr/convex/getsysinfo = unknown
/usr/bin/hostinfo      = unknown
/bin/machine           = unknown
/usr/bin/oslevel       = unknown
/bin/universe          = unknown

PATH: /u/home/s/serghei/project/code/bin/
PATH: /u/local/compilers/intel-cs/2013.0.028/bin
PATH: /u/local/compilers/intel-cs/2013.0.028/advisor_xe/bin64
PATH: /u/local/compilers/intel-cs/2013.0.028/vtune_amplifier_xe/bin64
PATH: /u/local/compilers/intel-cs/2013.0.028/inspector_xe/bin64
PATH: /u/local/compilers/intel-cs/2013.0.028/mpi/intel64/bin
PATH: /u/local/compilers/intel-cs/2013.0.028/itac/intel64/bin
PATH: /u/local/compilers/intel-cs/2013.0.028/composer_xe/bin/intel64
PATH: /u/local/compilers/intel-cs/2013.0.028/composer_xe/mpirt/bin/intel64
PATH: /u/local/compilers/intel-cs/2013.0.028/composer_xe/bin/intel64_mic
PATH: /u/local/compilers/intel-cs/2013.0.028/composer_xe/debugger/gui/intel64
PATH: /u/systems/UGE8.0.1vm/bin/lx-amd64
PATH: /u/local/bin
PATH: /u/local/sbin
PATH: /usr/lib64/qt-3.3/bin
PATH: /usr/local/bin
PATH: /bin
PATH: /usr/bin
PATH: /usr/local/sbin
PATH: /usr/sbin
PATH: /sbin
PATH: /u/home/s/serghei/bin
PATH: /u/home/s/serghei/bin


## ----------- ##
## Core tests. ##
## ----------- ##

configure:1895: checking for gcc
configure:1911: found /usr/bin/gcc
configure:1922: result: gcc
configure:2151: checking for C compiler version
configure:2160: gcc --version >&5
gcc (GCC) 4.4.7 20120313 (Red Hat 4.4.7-16)
Copyright (C) 2010 Free Software Foundation, Inc.
This is free software; see the source for copying conditions.  There is NO
warranty; not even for MERCHANTABILITY or FITNESS FOR A PARTICULAR PURPOSE.

configure:2171: $? = 0
configure:2160: gcc -v >&5
Using built-in specs.
Target: x86_64-redhat-linux
Configured with: ../configure --prefix=/usr --mandir=/usr/share/man --infodir=/usr/share/info --with-bugurl=http://bugzilla.redhat.com/bugzilla --enable-bootstrap --enable-shared --enable-threads=posix --enable-checking=release --with-system-zlib --enable-__cxa_atexit --disable-libunwind-exceptions --enable-gnu-unique-object --enable-languages=c,c++,objc,obj-c++,java,fortran,ada --enable-java-awt=gtk --disable-dssi --with-java-home=/usr/lib/jvm/java-1.5.0-gcj-1.5.0.0/jre --enable-libgcj-multifile --enable-java-maintainer-mode --with-ecj-jar=/usr/share/java/eclipse-ecj.jar --disable-libjava-multilib --with-ppl --with-cloog --with-tune=generic --with-arch_32=i686 --build=x86_64-redhat-linux
Thread model: posix
gcc version 4.4.7 20120313 (Red Hat 4.4.7-16) (GCC) 
configure:2171: $? = 0
configure:2160: gcc -V >&5
gcc: '-V' option must have argument
configure:2171: $? = 1
configure:2160: gcc -qversion >&5
gcc: unrecognized option '-qversion'
gcc: no input files
configure:2171: $? = 1
configure:2191: checking whether the C compiler works
configure:2213: gcc    conftest.c  >&5
configure:2217: $? = 0
configure:2265: result: yes
configure:2268: checking for C compiler default output file name
configure:2270: result: a.out
configure:2276: checking for suffix of executables
configure:2283: gcc -o conftest    conftest.c  >&5
configure:2287: $? = 0
configure:2309: result: 
configure:2331: checking whether we are cross compiling
configure:2339: gcc -o conftest    conftest.c  >&5
configure:2343: $? = 0
configure:2350: ./conftest
configure:2354: $? = 0
configure:2369: result: no
configure:2374: checking for suffix of object files
configure:2396: gcc -c   conftest.c >&5
configure:2400: $? = 0
configure:2421: result: o
configure:2425: checking whether we are using the GNU C compiler
configure:2444: gcc -c   conftest.c >&5
configure:2444: $? = 0
configure:2453: result: yes
configure:2462: checking whether gcc accepts -g
configure:2482: gcc -c -g  conftest.c >&5
configure:2482: $? = 0
configure:2523: result: yes
configure:2540: checking for gcc option to accept ISO C89
configure:2603: gcc  -c -g -O2  conftest.c >&5
configure:2603: $? = 0
configure:2616: result: none needed
configure:2680: checking location of HTSlib source tree
configure:2701: result: htslib-1.3
configure:2919: checking for NcursesW wide-character library
configure:2943: gcc -o conftest -g -O2   conftest.c  -lncursesw >&5
configure:2943: $? = 0
configure:2952: result: yes
configure:2972: checking for working ncursesw/curses.h
configure:3005: gcc -o conftest -g -O2   conftest.c  -lncursesw >&5
configure:3005: $? = 0
configure:3014: result: yes
configure:3036: checking for working ncursesw.h
configure:3069: gcc -o conftest -g -O2   conftest.c  -lncursesw >&5
conftest.c:17:46: error: ncursesw.h: No such file or directory
conftest.c: In function 'main':
conftest.c:23: error: 'chtype' undeclared (first use in this function)
conftest.c:23: error: (Each undeclared identifier is reported only once
conftest.c:23: error: for each function it appears in.)
conftest.c:23: error: expected ';' before 'a'
conftest.c:24: error: 'KEY_LEFT' undeclared (first use in this function)
conftest.c:25: error: expected ';' before 'c'
conftest.c:26: error: 'attr_t' undeclared (first use in this function)
conftest.c:26: error: expected ';' before 'd'
conftest.c:27: error: 'cchar_t' undeclared (first use in this function)
conftest.c:27: error: expected ';' before 'e'
conftest.c:28: error: 'wint_t' undeclared (first use in this function)
conftest.c:28: error: expected ';' before 'f'
conftest.c:29: error: 'stdscr' undeclared (first use in this function)
conftest.c:32: error: 'COLOR_WHITE' undeclared (first use in this function)
conftest.c:32: error: 'COLOR_RED' undeclared (first use in this function)
conftest.c:33: error: 'd' undeclared (first use in this function)
conftest.c:33: error: 'NULL' undeclared (first use in this function)
conftest.c:34: error: 'f' undeclared (first use in this function)
configure:3069: $? = 1
configure: failed program was:
| /* confdefs.h */
| #define PACKAGE_NAME "Samtools"
| #define PACKAGE_TARNAME "samtools"
| #define PACKAGE_VERSION "1.3"
| #define PACKAGE_STRING "Samtools 1.3"
| #define PACKAGE_BUGREPORT "samtools-help@lists.sourceforge.net"
| #define PACKAGE_URL "http://www.htslib.org/"
| #define HAVE_NCURSESW 1
| #define HAVE_CURSES 1
| #define HAVE_CURSES_ENHANCED 1
| #define HAVE_CURSES_COLOR 1
| #define HAVE_CURSES_OBSOLETE 1
| #define HAVE_NCURSESW_CURSES_H 1
| /* end confdefs.h.  */
| 
|                         #define _XOPEN_SOURCE_EXTENDED 1
|                         #include <ncursesw.h>
| 
| int
| main ()
| {
| 
|                         chtype a = A_BOLD;
|                         int b = KEY_LEFT;
|                         chtype c = COLOR_PAIR(1) & A_COLOR;
|                         attr_t d = WA_NORMAL;
|                         cchar_t e;
|                         wint_t f;
|                         int g = getattrs(stdscr);
|                         int h = getcurx(stdscr) + getmaxx(stdscr);
|                         initscr();
|                         init_pair(1, COLOR_WHITE, COLOR_RED);
|                         wattr_set(stdscr, d, 0, NULL);
|                         wget_wch(stdscr, &f);
| 
|   ;
|   return 0;
| }
configure:3078: result: no
configure:3100: checking for working ncurses.h
configure:3133: gcc -o conftest -g -O2   conftest.c  -lncursesw >&5
configure:3133: $? = 0
configure:3142: result: yes
configure:3658: checking for zlib.h
configure:3658: gcc -c -g -O2  conftest.c >&5
configure:3658: $? = 0
configure:3658: result: yes
configure:3667: checking for inflate in -lz
configure:3692: gcc -o conftest -g -O2   conftest.c -lz   >&5
configure:3692: $? = 0
configure:3701: result: yes
configure:3843: creating ./config.status

## ---------------------- ##
## Running config.status. ##
## ---------------------- ##

This file was extended by Samtools config.status 1.3, which was
generated by GNU Autoconf 2.69.  Invocation command line was

  CONFIG_FILES    = 
  CONFIG_HEADERS  = 
  CONFIG_LINKS    = 
  CONFIG_COMMANDS = 
  $ ./config.status 

on login4

config.status:803: creating config.mk
config.status:803: creating config.h
configure:5068: === configuring in htslib-1.3 (/u/home/s/serghei/code2/rop/tools/samtools-1.3/htslib-1.3)
configure:5131: running /bin/sh ./configure --disable-option-checking '--prefix=/usr/local'  '--enable-plugins' '--enable-libcurl' '--with-plugin-path=/u/home/s/serghei/code2/rop/tools/samtools-1.3/htslib-1.3' --cache-file=/dev/null --srcdir=.

## ---------------- ##
## Cache variables. ##
## ---------------- ##

ac_cv_c_compiler_gnu=yes
ac_cv_env_CC_set=
ac_cv_env_CC_value=
ac_cv_env_CFLAGS_set=
ac_cv_env_CFLAGS_value=
ac_cv_env_CPPFLAGS_set=
ac_cv_env_CPPFLAGS_value=
ac_cv_env_CURSES_LIB_set=
ac_cv_env_CURSES_LIB_value=
ac_cv_env_LDFLAGS_set=
ac_cv_env_LDFLAGS_value=
ac_cv_env_LIBS_set=
ac_cv_env_LIBS_value=
ac_cv_env_build_alias_set=
ac_cv_env_build_alias_value=
ac_cv_env_host_alias_set=
ac_cv_env_host_alias_value=
ac_cv_env_target_alias_set=
ac_cv_env_target_alias_value=
ac_cv_header_zlib_h=yes
ac_cv_lib_z_inflate=yes
ac_cv_objext=o
ac_cv_prog_ac_ct_CC=gcc
ac_cv_prog_cc_c89=
ac_cv_prog_cc_g=yes
ax_cv_curses=yes
ax_cv_curses_color=yes
ax_cv_curses_enhanced=yes
ax_cv_curses_obsolete=yes
ax_cv_curses_which=ncursesw
ax_cv_header_ncurses_h_with_ncursesw=yes
ax_cv_header_ncursesw_curses_h=yes
ax_cv_header_ncursesw_h=no
ax_cv_htslib=yes
ax_cv_htslib_which=source
ax_cv_ncursesw=yes

## ----------------- ##
## Output variables. ##
## ----------------- ##

CC='gcc'
CFLAGS='-g -O2'
CPPFLAGS=''
CURSES_LIB='-lncursesw'
DEFS='-DHAVE_CONFIG_H'
ECHO_C=''
ECHO_N='-n'
ECHO_T=''
EXEEXT=''
HTSDIR='htslib-1.3'
HTSLIB_CPPFLAGS='-Ihtslib-1.3'
HTSLIB_LDFLAGS='-Lhtslib-1.3'
Hinstall='#'
Hsource=''
LDFLAGS=''
LIBOBJS=''
LIBS=''
LTLIBOBJS=''
OBJEXT='o'
PACKAGE_BUGREPORT='samtools-help@lists.sourceforge.net'
PACKAGE_NAME='Samtools'
PACKAGE_STRING='Samtools 1.3'
PACKAGE_TARNAME='samtools'
PACKAGE_URL='http://www.htslib.org/'
PACKAGE_VERSION='1.3'
PATH_SEPARATOR=':'
SHELL='/bin/sh'
ac_ct_CC='gcc'
bindir='${exec_prefix}/bin'
build_alias=''
datadir='${datarootdir}'
datarootdir='${prefix}/share'
docdir='${datarootdir}/doc/${PACKAGE_TARNAME}'
dvidir='${docdir}'
exec_prefix='${prefix}'
host_alias=''
htmldir='${docdir}'
includedir='${prefix}/include'
infodir='${datarootdir}/info'
libdir='${exec_prefix}/lib'
libexecdir='${exec_prefix}/libexec'
localedir='${datarootdir}/locale'
localstatedir='${prefix}/var'
mandir='${datarootdir}/man'
oldincludedir='/usr/include'
pdfdir='${docdir}'
prefix='/usr/local'
program_transform_name='s,x,x,'
psdir='${docdir}'
sbindir='${exec_prefix}/sbin'
sharedstatedir='${prefix}/com'
subdirs=' htslib-1.3'
sysconfdir='${prefix}/etc'
target_alias=''

## ----------- ##
## confdefs.h. ##
## ----------- ##

/* confdefs.h */
#define PACKAGE_NAME "Samtools"
#define PACKAGE_TARNAME "samtools"
#define PACKAGE_VERSION "1.3"
#define PACKAGE_STRING "Samtools 1.3"
#define PACKAGE_BUGREPORT "samtools-help@lists.sourceforge.net"
#define PACKAGE_URL "http://www.htslib.org/"
#define HAVE_NCURSESW 1
#define HAVE_CURSES 1
#define HAVE_CURSES_ENHANCED 1
#define HAVE_CURSES_COLOR 1
#define HAVE_CURSES_OBSOLETE 1
#define HAVE_NCURSESW_CURSES_H 1
#define HAVE_CURSES_ENHANCED 1
#define HAVE_CURSES_COLOR 1
#define HAVE_CURSES_OBSOLETE 1
#define HAVE_NCURSES_H 1
#define HAVE_LIBZ 1

configure: exit 0
