This file contains any messages produced by compilers while
running configure, to aid debugging if configure makes a mistake.

It was created by HTSlib configure 1.3, which was
generated by GNU Autoconf 2.69.  Invocation command line was

  $ ./configure --disable-option-checking --prefix=/usr/local --enable-plugins --enable-libcurl --with-plugin-path=/u/home/s/serghei/code2/rop/tools/samtools-1.3/htslib-1.3 --cache-file=/dev/null --srcdir=.

## --------- ##
## Platform. ##
## --------- ##

hostname = login4
uname -m = x86_64
uname -r = 2.6.32-573.18.1.el6.x86_64
uname -s = Linux
uname -v = #1 SMP Tue Feb 9 22:46:17 UTC 2016

/usr/bin/uname -p = unknown
/bin/uname -X     = unknown

/bin/arch              = x86_64
/usr/bin/arch -k       = unknown
/usr/convex/getsysinfo = unknown
/usr/bin/hostinfo      = unknown
/bin/machine           = unknown
/usr/bin/oslevel       = unknown
/bin/universe          = unknown

PATH: /u/home/s/serghei/project/code/bin/
PATH: /u/local/compilers/intel-cs/2013.0.028/bin
PATH: /u/local/compilers/intel-cs/2013.0.028/advisor_xe/bin64
PATH: /u/local/compilers/intel-cs/2013.0.028/vtune_amplifier_xe/bin64
PATH: /u/local/compilers/intel-cs/2013.0.028/inspector_xe/bin64
PATH: /u/local/compilers/intel-cs/2013.0.028/mpi/intel64/bin
PATH: /u/local/compilers/intel-cs/2013.0.028/itac/intel64/bin
PATH: /u/local/compilers/intel-cs/2013.0.028/composer_xe/bin/intel64
PATH: /u/local/compilers/intel-cs/2013.0.028/composer_xe/mpirt/bin/intel64
PATH: /u/local/compilers/intel-cs/2013.0.028/composer_xe/bin/intel64_mic
PATH: /u/local/compilers/intel-cs/2013.0.028/composer_xe/debugger/gui/intel64
PATH: /u/systems/UGE8.0.1vm/bin/lx-amd64
PATH: /u/local/bin
PATH: /u/local/sbin
PATH: /usr/lib64/qt-3.3/bin
PATH: /usr/local/bin
PATH: /bin
PATH: /usr/bin
PATH: /usr/local/sbin
PATH: /usr/sbin
PATH: /sbin
PATH: /u/home/s/serghei/bin
PATH: /u/home/s/serghei/bin


## ----------- ##
## Core tests. ##
## ----------- ##

configure:2091: checking for gcc
configure:2107: found /usr/bin/gcc
configure:2118: result: gcc
configure:2347: checking for C compiler version
configure:2356: gcc --version >&5
gcc (GCC) 4.4.7 20120313 (Red Hat 4.4.7-16)
Copyright (C) 2010 Free Software Foundation, Inc.
This is free software; see the source for copying conditions.  There is NO
warranty; not even for MERCHANTABILITY or FITNESS FOR A PARTICULAR PURPOSE.

configure:2367: $? = 0
configure:2356: gcc -v >&5
Using built-in specs.
Target: x86_64-redhat-linux
Configured with: ../configure --prefix=/usr --mandir=/usr/share/man --infodir=/usr/share/info --with-bugurl=http://bugzilla.redhat.com/bugzilla --enable-bootstrap --enable-shared --enable-threads=posix --enable-checking=release --with-system-zlib --enable-__cxa_atexit --disable-libunwind-exceptions --enable-gnu-unique-object --enable-languages=c,c++,objc,obj-c++,java,fortran,ada --enable-java-awt=gtk --disable-dssi --with-java-home=/usr/lib/jvm/java-1.5.0-gcj-1.5.0.0/jre --enable-libgcj-multifile --enable-java-maintainer-mode --with-ecj-jar=/usr/share/java/eclipse-ecj.jar --disable-libjava-multilib --with-ppl --with-cloog --with-tune=generic --with-arch_32=i686 --build=x86_64-redhat-linux
Thread model: posix
gcc version 4.4.7 20120313 (Red Hat 4.4.7-16) (GCC) 
configure:2367: $? = 0
configure:2356: gcc -V >&5
gcc: '-V' option must have argument
configure:2367: $? = 1
configure:2356: gcc -qversion >&5
gcc: unrecognized option '-qversion'
gcc: no input files
configure:2367: $? = 1
configure:2387: checking whether the C compiler works
configure:2409: gcc    conftest.c  >&5
configure:2413: $? = 0
configure:2461: result: yes
configure:2464: checking for C compiler default output file name
configure:2466: result: a.out
configure:2472: checking for suffix of executables
configure:2479: gcc -o conftest    conftest.c  >&5
configure:2483: $? = 0
configure:2505: result: 
configure:2527: checking whether we are cross compiling
configure:2535: gcc -o conftest    conftest.c  >&5
configure:2539: $? = 0
configure:2546: ./conftest
configure:2550: $? = 0
configure:2565: result: no
configure:2570: checking for suffix of object files
configure:2592: gcc -c   conftest.c >&5
configure:2596: $? = 0
configure:2617: result: o
configure:2621: checking whether we are using the GNU C compiler
configure:2640: gcc -c   conftest.c >&5
configure:2640: $? = 0
configure:2649: result: yes
configure:2658: checking whether gcc accepts -g
configure:2678: gcc -c -g  conftest.c >&5
configure:2678: $? = 0
configure:2719: result: yes
configure:2736: checking for gcc option to accept ISO C89
configure:2799: gcc  -c -g -O2  conftest.c >&5
configure:2799: $? = 0
configure:2812: result: none needed
configure:2875: checking for ranlib
configure:2891: found /usr/bin/ranlib
configure:2902: result: ranlib
configure:2990: checking how to run the C preprocessor
configure:3021: gcc -E  conftest.c
configure:3021: $? = 0
configure:3035: gcc -E  conftest.c
conftest.c:9:28: error: ac_nonexistent.h: No such file or directory
configure:3035: $? = 1
configure: failed program was:
| /* confdefs.h */
| #define PACKAGE_NAME "HTSlib"
| #define PACKAGE_TARNAME "htslib"
| #define PACKAGE_VERSION "1.3"
| #define PACKAGE_STRING "HTSlib 1.3"
| #define PACKAGE_BUGREPORT "samtools-help@lists.sourceforge.net"
| #define PACKAGE_URL "http://www.htslib.org/"
| /* end confdefs.h.  */
| #include <ac_nonexistent.h>
configure:3060: result: gcc -E
configure:3080: gcc -E  conftest.c
configure:3080: $? = 0
configure:3094: gcc -E  conftest.c
conftest.c:9:28: error: ac_nonexistent.h: No such file or directory
configure:3094: $? = 1
configure: failed program was:
| /* confdefs.h */
| #define PACKAGE_NAME "HTSlib"
| #define PACKAGE_TARNAME "htslib"
| #define PACKAGE_VERSION "1.3"
| #define PACKAGE_STRING "HTSlib 1.3"
| #define PACKAGE_BUGREPORT "samtools-help@lists.sourceforge.net"
| #define PACKAGE_URL "http://www.htslib.org/"
| /* end confdefs.h.  */
| #include <ac_nonexistent.h>
configure:3123: checking for grep that handles long lines and -e
configure:3181: result: /bin/grep
configure:3186: checking for egrep
configure:3248: result: /bin/grep -E
configure:3253: checking for ANSI C header files
configure:3273: gcc -c -g -O2  conftest.c >&5
configure:3273: $? = 0
configure:3346: gcc -o conftest -g -O2   conftest.c  >&5
configure:3346: $? = 0
configure:3346: ./conftest
configure:3346: $? = 0
configure:3357: result: yes
configure:3370: checking for sys/types.h
configure:3370: gcc -c -g -O2  conftest.c >&5
configure:3370: $? = 0
configure:3370: result: yes
configure:3370: checking for sys/stat.h
configure:3370: gcc -c -g -O2  conftest.c >&5
configure:3370: $? = 0
configure:3370: result: yes
configure:3370: checking for stdlib.h
configure:3370: gcc -c -g -O2  conftest.c >&5
configure:3370: $? = 0
configure:3370: result: yes
configure:3370: checking for string.h
configure:3370: gcc -c -g -O2  conftest.c >&5
configure:3370: $? = 0
configure:3370: result: yes
configure:3370: checking for memory.h
configure:3370: gcc -c -g -O2  conftest.c >&5
configure:3370: $? = 0
configure:3370: result: yes
configure:3370: checking for strings.h
configure:3370: gcc -c -g -O2  conftest.c >&5
configure:3370: $? = 0
configure:3370: result: yes
configure:3370: checking for inttypes.h
configure:3370: gcc -c -g -O2  conftest.c >&5
configure:3370: $? = 0
configure:3370: result: yes
configure:3370: checking for stdint.h
configure:3370: gcc -c -g -O2  conftest.c >&5
configure:3370: $? = 0
configure:3370: result: yes
configure:3370: checking for unistd.h
configure:3370: gcc -c -g -O2  conftest.c >&5
configure:3370: $? = 0
configure:3370: result: yes
configure:3388: checking for stdlib.h
configure:3388: result: yes
configure:3388: checking for unistd.h
configure:3388: result: yes
configure:3388: checking for sys/param.h
configure:3388: gcc -c -g -O2  conftest.c >&5
configure:3388: $? = 0
configure:3388: result: yes
configure:3408: checking for getpagesize
configure:3408: gcc -o conftest -g -O2   conftest.c  >&5
configure:3408: $? = 0
configure:3408: result: yes
configure:3417: checking for working mmap
configure:3564: gcc -o conftest -g -O2   conftest.c  >&5
configure:3564: $? = 0
configure:3564: ./conftest
configure:3564: $? = 0
configure:3574: result: yes
configure:3585: checking for gmtime_r
configure:3585: gcc -o conftest -g -O2   conftest.c  >&5
configure:3585: $? = 0
configure:3585: result: yes
configure:3596: checking for library containing dlopen
configure:3627: gcc -o conftest -g -O2   conftest.c  >&5
/tmp/cckSXINC.o: In function `main':
/u/home/s/serghei/code2/rop/tools/samtools-1.3/htslib-1.3/conftest.c:36: undefined reference to `dlopen'
collect2: ld returned 1 exit status
configure:3627: $? = 1
configure: failed program was:
| /* confdefs.h */
| #define PACKAGE_NAME "HTSlib"
| #define PACKAGE_TARNAME "htslib"
| #define PACKAGE_VERSION "1.3"
| #define PACKAGE_STRING "HTSlib 1.3"
| #define PACKAGE_BUGREPORT "samtools-help@lists.sourceforge.net"
| #define PACKAGE_URL "http://www.htslib.org/"
| #define STDC_HEADERS 1
| #define HAVE_SYS_TYPES_H 1
| #define HAVE_SYS_STAT_H 1
| #define HAVE_STDLIB_H 1
| #define HAVE_STRING_H 1
| #define HAVE_MEMORY_H 1
| #define HAVE_STRINGS_H 1
| #define HAVE_INTTYPES_H 1
| #define HAVE_STDINT_H 1
| #define HAVE_UNISTD_H 1
| #define HAVE_STDLIB_H 1
| #define HAVE_UNISTD_H 1
| #define HAVE_SYS_PARAM_H 1
| #define HAVE_GETPAGESIZE 1
| #define HAVE_MMAP 1
| #define HAVE_GMTIME_R 1
| /* end confdefs.h.  */
| 
| /* Override any GCC internal prototype to avoid an error.
|    Use char because int might match the return type of a GCC
|    builtin and then its argument prototype would still apply.  */
| #ifdef __cplusplus
| extern "C"
| #endif
| char dlopen ();
| int
| main ()
| {
| return dlopen ();
|   ;
|   return 0;
| }
configure:3627: gcc -o conftest -g -O2   conftest.c -ldl   >&5
configure:3627: $? = 0
configure:3644: result: -ldl
configure:3666: checking for zlib.h
configure:3666: gcc -c -g -O2  conftest.c >&5
configure:3666: $? = 0
configure:3666: result: yes
configure:3675: checking for inflate in -lz
configure:3700: gcc -o conftest -g -O2   -rdynamic conftest.c -lz  -ldl  >&5
configure:3700: $? = 0
configure:3709: result: yes
configure:3802: checking for curl_easy_pause in -lcurl
configure:3827: gcc -o conftest -g -O2   -rdynamic conftest.c -lcurl  -ldl  >&5
configure:3827: $? = 0
configure:3836: result: yes
configure:3909: checking for CCHmac
configure:3909: gcc -o conftest -g -O2   -rdynamic conftest.c -ldl  >&5
/tmp/ccv0wvb9.o: In function `main':
/u/home/s/serghei/code2/rop/tools/samtools-1.3/htslib-1.3/conftest.c:62: undefined reference to `CCHmac'
collect2: ld returned 1 exit status
configure:3909: $? = 1
configure: failed program was:
| /* confdefs.h */
| #define PACKAGE_NAME "HTSlib"
| #define PACKAGE_TARNAME "htslib"
| #define PACKAGE_VERSION "1.3"
| #define PACKAGE_STRING "HTSlib 1.3"
| #define PACKAGE_BUGREPORT "samtools-help@lists.sourceforge.net"
| #define PACKAGE_URL "http://www.htslib.org/"
| #define STDC_HEADERS 1
| #define HAVE_SYS_TYPES_H 1
| #define HAVE_SYS_STAT_H 1
| #define HAVE_STDLIB_H 1
| #define HAVE_STRING_H 1
| #define HAVE_MEMORY_H 1
| #define HAVE_STRINGS_H 1
| #define HAVE_INTTYPES_H 1
| #define HAVE_STDINT_H 1
| #define HAVE_UNISTD_H 1
| #define HAVE_STDLIB_H 1
| #define HAVE_UNISTD_H 1
| #define HAVE_SYS_PARAM_H 1
| #define HAVE_GETPAGESIZE 1
| #define HAVE_MMAP 1
| #define HAVE_GMTIME_R 1
| #define ENABLE_PLUGINS 1
| #define HAVE_LIBZ 1
| #define HAVE_LIBCURL 1
| /* end confdefs.h.  */
| /* Define CCHmac to an innocuous variant, in case <limits.h> declares CCHmac.
|    For example, HP-UX 11i <limits.h> declares gettimeofday.  */
| #define CCHmac innocuous_CCHmac
| 
| /* System header to define __stub macros and hopefully few prototypes,
|     which can conflict with char CCHmac (); below.
|     Prefer <limits.h> to <assert.h> if __STDC__ is defined, since
|     <limits.h> exists even on freestanding compilers.  */
| 
| #ifdef __STDC__
| # include <limits.h>
| #else
| # include <assert.h>
| #endif
| 
| #undef CCHmac
| 
| /* Override any GCC internal prototype to avoid an error.
|    Use char because int might match the return type of a GCC
|    builtin and then its argument prototype would still apply.  */
| #ifdef __cplusplus
| extern "C"
| #endif
| char CCHmac ();
| /* The GNU C library defines this for functions which it implements
|     to always fail with ENOSYS.  Some functions are actually named
|     something starting with __ and the normal name is an alias.  */
| #if defined __stub_CCHmac || defined __stub___CCHmac
| choke me
| #endif
| 
| int
| main ()
| {
| return CCHmac ();
|   ;
|   return 0;
| }
configure:3909: result: no
configure:3916: checking for library containing HMAC
configure:3947: gcc -o conftest -g -O2   -rdynamic conftest.c -ldl  >&5
/tmp/ccfoUpZ5.o: In function `main':
/u/home/s/serghei/code2/rop/tools/samtools-1.3/htslib-1.3/conftest.c:39: undefined reference to `HMAC'
collect2: ld returned 1 exit status
configure:3947: $? = 1
configure: failed program was:
| /* confdefs.h */
| #define PACKAGE_NAME "HTSlib"
| #define PACKAGE_TARNAME "htslib"
| #define PACKAGE_VERSION "1.3"
| #define PACKAGE_STRING "HTSlib 1.3"
| #define PACKAGE_BUGREPORT "samtools-help@lists.sourceforge.net"
| #define PACKAGE_URL "http://www.htslib.org/"
| #define STDC_HEADERS 1
| #define HAVE_SYS_TYPES_H 1
| #define HAVE_SYS_STAT_H 1
| #define HAVE_STDLIB_H 1
| #define HAVE_STRING_H 1
| #define HAVE_MEMORY_H 1
| #define HAVE_STRINGS_H 1
| #define HAVE_INTTYPES_H 1
| #define HAVE_STDINT_H 1
| #define HAVE_UNISTD_H 1
| #define HAVE_STDLIB_H 1
| #define HAVE_UNISTD_H 1
| #define HAVE_SYS_PARAM_H 1
| #define HAVE_GETPAGESIZE 1
| #define HAVE_MMAP 1
| #define HAVE_GMTIME_R 1
| #define ENABLE_PLUGINS 1
| #define HAVE_LIBZ 1
| #define HAVE_LIBCURL 1
| /* end confdefs.h.  */
| 
| /* Override any GCC internal prototype to avoid an error.
|    Use char because int might match the return type of a GCC
|    builtin and then its argument prototype would still apply.  */
| #ifdef __cplusplus
| extern "C"
| #endif
| char HMAC ();
| int
| main ()
| {
| return HMAC ();
|   ;
|   return 0;
| }
configure:3947: gcc -o conftest -g -O2   -rdynamic conftest.c -lcrypto  -ldl  >&5
configure:3947: $? = 0
configure:3964: result: -lcrypto
configure:4109: creating ./config.status

## ---------------------- ##
## Running config.status. ##
## ---------------------- ##

This file was extended by HTSlib config.status 1.3, which was
generated by GNU Autoconf 2.69.  Invocation command line was

  CONFIG_FILES    = 
  CONFIG_HEADERS  = 
  CONFIG_LINKS    = 
  CONFIG_COMMANDS = 
  $ ./config.status 

on login4

config.status:816: creating config.mk
config.status:816: creating config.h

## ---------------- ##
## Cache variables. ##
## ---------------- ##

ac_cv_c_compiler_gnu=yes
ac_cv_env_CC_set=
ac_cv_env_CC_value=
ac_cv_env_CFLAGS_set=
ac_cv_env_CFLAGS_value=
ac_cv_env_CPPFLAGS_set=
ac_cv_env_CPPFLAGS_value=
ac_cv_env_CPP_set=
ac_cv_env_CPP_value=
ac_cv_env_LDFLAGS_set=
ac_cv_env_LDFLAGS_value=
ac_cv_env_LIBS_set=
ac_cv_env_LIBS_value=
ac_cv_env_build_alias_set=
ac_cv_env_build_alias_value=
ac_cv_env_host_alias_set=
ac_cv_env_host_alias_value=
ac_cv_env_target_alias_set=
ac_cv_env_target_alias_value=
ac_cv_func_CCHmac=no
ac_cv_func_getpagesize=yes
ac_cv_func_gmtime_r=yes
ac_cv_func_mmap_fixed_mapped=yes
ac_cv_header_inttypes_h=yes
ac_cv_header_memory_h=yes
ac_cv_header_stdc=yes
ac_cv_header_stdint_h=yes
ac_cv_header_stdlib_h=yes
ac_cv_header_string_h=yes
ac_cv_header_strings_h=yes
ac_cv_header_sys_param_h=yes
ac_cv_header_sys_stat_h=yes
ac_cv_header_sys_types_h=yes
ac_cv_header_unistd_h=yes
ac_cv_header_zlib_h=yes
ac_cv_lib_curl_curl_easy_pause=yes
ac_cv_lib_z_inflate=yes
ac_cv_objext=o
ac_cv_path_EGREP='/bin/grep -E'
ac_cv_path_GREP=/bin/grep
ac_cv_prog_CPP='gcc -E'
ac_cv_prog_ac_ct_CC=gcc
ac_cv_prog_ac_ct_RANLIB=ranlib
ac_cv_prog_cc_c89=
ac_cv_prog_cc_g=yes
ac_cv_search_HMAC=-lcrypto
ac_cv_search_dlopen=-ldl

## ----------------- ##
## Output variables. ##
## ----------------- ##

CC='gcc'
CFLAGS='-g -O2'
CPP='gcc -E'
CPPFLAGS=''
CRYPTO_LIBS='-lcrypto'
DEFS='-DHAVE_CONFIG_H'
ECHO_C=''
ECHO_N='-n'
ECHO_T=''
EGREP='/bin/grep -E'
EXEEXT=''
GREP='/bin/grep'
LDFLAGS=' -rdynamic'
LIBOBJS=''
LIBS='-ldl '
LTLIBOBJS=''
OBJEXT='o'
PACKAGE_BUGREPORT='samtools-help@lists.sourceforge.net'
PACKAGE_NAME='HTSlib'
PACKAGE_STRING='HTSlib 1.3'
PACKAGE_TARNAME='htslib'
PACKAGE_URL='http://www.htslib.org/'
PACKAGE_VERSION='1.3'
PATH_SEPARATOR=':'
RANLIB='ranlib'
SHELL='/bin/sh'
ac_ct_CC='gcc'
bindir='${exec_prefix}/bin'
build_alias=''
datadir='${datarootdir}'
datarootdir='${prefix}/share'
define_IRODS_HOME='IRODS_HOME ?= /disabled'
docdir='${datarootdir}/doc/${PACKAGE_TARNAME}'
dvidir='${docdir}'
enable_plugins='yes'
exec_prefix='${prefix}'
host_alias=''
htmldir='${docdir}'
includedir='${prefix}/include'
infodir='${datarootdir}/info'
irods='disabled'
libcurl='enabled'
libdir='${exec_prefix}/lib'
libexecdir='${exec_prefix}/libexec'
localedir='${datarootdir}/locale'
localstatedir='${prefix}/var'
mandir='${datarootdir}/man'
oldincludedir='/usr/include'
pdfdir='${docdir}'
plugindir='$(libexecdir)/htslib'
pluginpath='/u/home/s/serghei/code2/rop/tools/samtools-1.3/htslib-1.3'
prefix='/usr/local'
program_transform_name='s,x,x,'
psdir='${docdir}'
sbindir='${exec_prefix}/sbin'
sharedstatedir='${prefix}/com'
sysconfdir='${prefix}/etc'
target_alias=''

## ----------- ##
## confdefs.h. ##
## ----------- ##

/* confdefs.h */
#define PACKAGE_NAME "HTSlib"
#define PACKAGE_TARNAME "htslib"
#define PACKAGE_VERSION "1.3"
#define PACKAGE_STRING "HTSlib 1.3"
#define PACKAGE_BUGREPORT "samtools-help@lists.sourceforge.net"
#define PACKAGE_URL "http://www.htslib.org/"
#define STDC_HEADERS 1
#define HAVE_SYS_TYPES_H 1
#define HAVE_SYS_STAT_H 1
#define HAVE_STDLIB_H 1
#define HAVE_STRING_H 1
#define HAVE_MEMORY_H 1
#define HAVE_STRINGS_H 1
#define HAVE_INTTYPES_H 1
#define HAVE_STDINT_H 1
#define HAVE_UNISTD_H 1
#define HAVE_STDLIB_H 1
#define HAVE_UNISTD_H 1
#define HAVE_SYS_PARAM_H 1
#define HAVE_GETPAGESIZE 1
#define HAVE_MMAP 1
#define HAVE_GMTIME_R 1
#define ENABLE_PLUGINS 1
#define HAVE_LIBZ 1
#define HAVE_LIBCURL 1
#define HAVE_HMAC 1

configure: exit 0
